2024-11-17 01:02:44,345 [Worker-8: Loading available Gradle versions] INFO  o.e.b.c.i.u.g.PublishedGradleVersions - Gradle version information cache is out-of-date. Trying to update.
2024-11-17 01:12:00,177 [Worker-19: ビルド] INFO  o.e.m.c.i.l.LifecycleMappingFactory - Using org.eclipse.m2e.jdt.JarLifecycleMapping lifecycle mapping for MavenProject: com.example:samuraitravel:0.0.1-SNAPSHOT @ /Applications/Eclipse_2023-12.app/Contents/kadai_002/kadai_002/samuraitravel/pom.xml.
2024-11-17 01:12:01,307 [Worker-19: ビルド] INFO  o.a.m.s.f.DefaultMavenResourcesFiltering - Copying 1 resource from src/main/resources to target/classes
2024-11-17 01:12:01,322 [Worker-19: ビルド] INFO  o.a.m.s.f.DefaultMavenResourcesFiltering - Copying 38 resources from src/main/resources to target/classes
2024-11-17 01:12:01,359 [Worker-19: ビルド] INFO  o.a.m.s.f.DefaultMavenResourcesFiltering - skip non existing resourceDirectory /Applications/Eclipse_2023-12.app/Contents/kadai_002/kadai_002/samuraitravel/src/test/resources
2024-11-17 21:18:05,485 [Worker-7: Loading available Gradle versions] INFO  o.e.b.c.i.u.g.PublishedGradleVersions - Gradle version information cache is up-to-date. Trying to read.
2024-11-18 22:14:49,781 [Worker-16: ビルド] INFO  o.a.m.s.f.DefaultMavenResourcesFiltering - Copying 1 resource from src/main/resources to target/classes
2024-11-18 22:14:49,805 [Worker-16: ビルド] INFO  o.a.m.s.f.DefaultMavenResourcesFiltering - Copying 38 resources from src/main/resources to target/classes
2024-11-18 22:14:49,855 [Worker-16: ビルド] INFO  o.a.m.s.f.DefaultMavenResourcesFiltering - skip non existing resourceDirectory /Applications/Eclipse_2023-12.app/Contents/kadai_002/kadai_002/samuraitravel/src/test/resources
2024-11-18 23:11:21,895 [Worker-23: ビルド] INFO  o.a.m.s.f.DefaultMavenResourcesFiltering - Copying 0 resource from src/main/resources to target/classes
2024-11-18 23:11:21,897 [Worker-23: ビルド] INFO  o.a.m.s.f.DefaultMavenResourcesFiltering - Copying 1 resource from src/main/resources to target/classes
2024-11-18 23:11:21,899 [Worker-23: ビルド] INFO  o.a.m.s.f.DefaultMavenResourcesFiltering - skip non existing resourceDirectory /Applications/Eclipse_2023-12.app/Contents/kadai_002/kadai_002/samuraitravel/src/test/resources
2024-11-19 22:13:26,379 [Worker-32: ビルド] INFO  o.a.m.s.f.DefaultMavenResourcesFiltering - Copying 0 resource from src/main/resources to target/classes
2024-11-19 22:13:26,382 [Worker-32: ビルド] INFO  o.a.m.s.f.DefaultMavenResourcesFiltering - Copying 1 resource from src/main/resources to target/classes
2024-11-19 22:13:26,386 [Worker-32: ビルド] INFO  o.a.m.s.f.DefaultMavenResourcesFiltering - skip non existing resourceDirectory /Applications/Eclipse_2023-12.app/Contents/kadai_002/kadai_002/samuraitravel/src/test/resources
2024-11-19 22:20:27,564 [Worker-30: ビルド] INFO  o.a.m.s.f.DefaultMavenResourcesFiltering - Copying 0 resource from src/main/resources to target/classes
2024-11-19 22:20:27,567 [Worker-30: ビルド] INFO  o.a.m.s.f.DefaultMavenResourcesFiltering - Copying 1 resource from src/main/resources to target/classes
2024-11-19 22:20:27,569 [Worker-30: ビルド] INFO  o.a.m.s.f.DefaultMavenResourcesFiltering - skip non existing resourceDirectory /Applications/Eclipse_2023-12.app/Contents/kadai_002/kadai_002/samuraitravel/src/test/resources
2024-11-19 22:21:21,836 [Worker-35: ビルド] INFO  o.a.m.s.f.DefaultMavenResourcesFiltering - Copying 0 resource from src/main/resources to target/classes
2024-11-19 22:21:21,838 [Worker-35: ビルド] INFO  o.a.m.s.f.DefaultMavenResourcesFiltering - Copying 1 resource from src/main/resources to target/classes
2024-11-19 22:21:21,843 [Worker-35: ビルド] INFO  o.a.m.s.f.DefaultMavenResourcesFiltering - skip non existing resourceDirectory /Applications/Eclipse_2023-12.app/Contents/kadai_002/kadai_002/samuraitravel/src/test/resources
2024-11-19 22:24:53,882 [Worker-35: samuraitravel - SamuraitravelApplication の起動] INFO  o.a.m.s.f.DefaultMavenResourcesFiltering - Copying 0 resource from src/main/resources to target/classes
2024-11-19 22:24:53,883 [Worker-35: samuraitravel - SamuraitravelApplication の起動] INFO  o.a.m.s.f.DefaultMavenResourcesFiltering - Copying 1 resource from src/main/resources to target/classes
2024-11-19 22:24:53,886 [Worker-35: samuraitravel - SamuraitravelApplication の起動] INFO  o.a.m.s.f.DefaultMavenResourcesFiltering - skip non existing resourceDirectory /Applications/Eclipse_2023-12.app/Contents/kadai_002/kadai_002/samuraitravel/src/test/resources
2024-11-19 22:34:30,670 [Worker-39: ビルド] INFO  o.a.m.s.f.DefaultMavenResourcesFiltering - Copying 0 resource from src/main/resources to target/classes
2024-11-19 22:34:30,672 [Worker-39: ビルド] INFO  o.a.m.s.f.DefaultMavenResourcesFiltering - Copying 1 resource from src/main/resources to target/classes
2024-11-19 22:34:30,675 [Worker-39: ビルド] INFO  o.a.m.s.f.DefaultMavenResourcesFiltering - skip non existing resourceDirectory /Applications/Eclipse_2023-12.app/Contents/kadai_002/kadai_002/samuraitravel/src/test/resources
2024-11-19 22:41:03,428 [Worker-40: samuraitravel - SamuraitravelApplication の起動] INFO  o.a.m.s.f.DefaultMavenResourcesFiltering - Copying 0 resource from src/main/resources to target/classes
2024-11-19 22:41:03,429 [Worker-40: samuraitravel - SamuraitravelApplication の起動] INFO  o.a.m.s.f.DefaultMavenResourcesFiltering - Copying 1 resource from src/main/resources to target/classes
2024-11-19 22:41:03,435 [Worker-40: samuraitravel - SamuraitravelApplication の起動] INFO  o.a.m.s.f.DefaultMavenResourcesFiltering - skip non existing resourceDirectory /Applications/Eclipse_2023-12.app/Contents/kadai_002/kadai_002/samuraitravel/src/test/resources
2024-11-19 22:45:58,003 [Worker-44: ビルド] INFO  o.a.m.s.f.DefaultMavenResourcesFiltering - Copying 1 resource from src/main/resources to target/classes
2024-11-19 22:45:58,038 [Worker-44: ビルド] INFO  o.a.m.s.f.DefaultMavenResourcesFiltering - Copying 38 resources from src/main/resources to target/classes
2024-11-19 22:45:58,045 [Worker-44: ビルド] INFO  o.a.m.s.f.DefaultMavenResourcesFiltering - skip non existing resourceDirectory /Applications/Eclipse_2023-12.app/Contents/kadai_002/kadai_002/samuraitravel/src/test/resources
2024-11-20 21:33:38,142 [Worker-60: ビルド] INFO  o.a.m.s.f.DefaultMavenResourcesFiltering - Copying 1 resource from src/main/resources to target/classes
2024-11-20 21:33:38,161 [Worker-60: ビルド] INFO  o.a.m.s.f.DefaultMavenResourcesFiltering - Copying 38 resources from src/main/resources to target/classes
2024-11-20 21:33:38,171 [Worker-60: ビルド] INFO  o.a.m.s.f.DefaultMavenResourcesFiltering - skip non existing resourceDirectory /Applications/Eclipse_2023-12.app/Contents/kadai_002/kadai_002/samuraitravel/src/test/resources
2024-11-20 21:43:36,451 [Worker-65: ビルド] INFO  o.a.m.s.f.DefaultMavenResourcesFiltering - Copying 1 resource from src/main/resources to target/classes
2024-11-20 21:43:36,473 [Worker-65: ビルド] INFO  o.a.m.s.f.DefaultMavenResourcesFiltering - Copying 38 resources from src/main/resources to target/classes
2024-11-20 21:43:36,483 [Worker-65: ビルド] INFO  o.a.m.s.f.DefaultMavenResourcesFiltering - skip non existing resourceDirectory /Applications/Eclipse_2023-12.app/Contents/kadai_002/kadai_002/samuraitravel/src/test/resources
2024-11-20 21:44:24,741 [Worker-60: ビルド] INFO  o.a.m.s.f.DefaultMavenResourcesFiltering - Copying 1 resource from src/main/resources to target/classes
2024-11-20 21:44:24,752 [Worker-60: ビルド] INFO  o.a.m.s.f.DefaultMavenResourcesFiltering - Copying 38 resources from src/main/resources to target/classes
2024-11-20 21:44:24,764 [Worker-60: ビルド] INFO  o.a.m.s.f.DefaultMavenResourcesFiltering - skip non existing resourceDirectory /Applications/Eclipse_2023-12.app/Contents/kadai_002/kadai_002/samuraitravel/src/test/resources
2024-11-20 21:50:02,641 [Worker-69: ビルド] INFO  o.a.m.s.f.DefaultMavenResourcesFiltering - Copying 1 resource from src/main/resources to target/classes
2024-11-20 21:50:02,654 [Worker-69: ビルド] INFO  o.a.m.s.f.DefaultMavenResourcesFiltering - Copying 38 resources from src/main/resources to target/classes
2024-11-20 21:50:02,666 [Worker-69: ビルド] INFO  o.a.m.s.f.DefaultMavenResourcesFiltering - skip non existing resourceDirectory /Applications/Eclipse_2023-12.app/Contents/kadai_002/kadai_002/samuraitravel/src/test/resources
2024-11-20 21:50:22,918 [Worker-70: ビルド] INFO  o.a.m.s.f.DefaultMavenResourcesFiltering - Copying 1 resource from src/main/resources to target/classes
2024-11-20 21:50:22,927 [Worker-70: ビルド] INFO  o.a.m.s.f.DefaultMavenResourcesFiltering - Copying 38 resources from src/main/resources to target/classes
2024-11-20 21:50:22,935 [Worker-70: ビルド] INFO  o.a.m.s.f.DefaultMavenResourcesFiltering - skip non existing resourceDirectory /Applications/Eclipse_2023-12.app/Contents/kadai_002/kadai_002/samuraitravel/src/test/resources
2024-11-20 21:50:46,341 [Worker-68: ビルド] INFO  o.a.m.s.f.DefaultMavenResourcesFiltering - Copying 1 resource from src/main/resources to target/classes
2024-11-20 21:50:46,353 [Worker-68: ビルド] INFO  o.a.m.s.f.DefaultMavenResourcesFiltering - Copying 38 resources from src/main/resources to target/classes
2024-11-20 21:50:46,359 [Worker-68: ビルド] INFO  o.a.m.s.f.DefaultMavenResourcesFiltering - skip non existing resourceDirectory /Applications/Eclipse_2023-12.app/Contents/kadai_002/kadai_002/samuraitravel/src/test/resources
2024-11-20 21:51:01,464 [Worker-68: ビルド] INFO  o.a.m.s.f.DefaultMavenResourcesFiltering - Copying 1 resource from src/main/resources to target/classes
2024-11-20 21:51:01,470 [Worker-68: ビルド] INFO  o.a.m.s.f.DefaultMavenResourcesFiltering - Copying 38 resources from src/main/resources to target/classes
2024-11-20 21:51:01,473 [Worker-68: ビルド] INFO  o.a.m.s.f.DefaultMavenResourcesFiltering - skip non existing resourceDirectory /Applications/Eclipse_2023-12.app/Contents/kadai_002/kadai_002/samuraitravel/src/test/resources
2024-11-20 21:51:11,288 [Worker-67: ビルド] INFO  o.a.m.s.f.DefaultMavenResourcesFiltering - Copying 1 resource from src/main/resources to target/classes
2024-11-20 21:51:11,291 [Worker-67: ビルド] INFO  o.a.m.s.f.DefaultMavenResourcesFiltering - Copying 38 resources from src/main/resources to target/classes
2024-11-20 21:51:11,294 [Worker-67: ビルド] INFO  o.a.m.s.f.DefaultMavenResourcesFiltering - skip non existing resourceDirectory /Applications/Eclipse_2023-12.app/Contents/kadai_002/kadai_002/samuraitravel/src/test/resources
2024-11-20 21:52:21,598 [Worker-68: ビルド] INFO  o.a.m.s.f.DefaultMavenResourcesFiltering - Copying 1 resource from src/main/resources to target/classes
2024-11-20 21:52:21,618 [Worker-68: ビルド] INFO  o.a.m.s.f.DefaultMavenResourcesFiltering - Copying 38 resources from src/main/resources to target/classes
2024-11-20 21:52:21,624 [Worker-68: ビルド] INFO  o.a.m.s.f.DefaultMavenResourcesFiltering - skip non existing resourceDirectory /Applications/Eclipse_2023-12.app/Contents/kadai_002/kadai_002/samuraitravel/src/test/resources
2024-11-20 22:08:43,473 [Worker-72: ビルド] INFO  o.a.m.s.f.DefaultMavenResourcesFiltering - Copying 1 resource from src/main/resources to target/classes
2024-11-20 22:08:43,487 [Worker-72: ビルド] INFO  o.a.m.s.f.DefaultMavenResourcesFiltering - Copying 38 resources from src/main/resources to target/classes
2024-11-20 22:08:43,490 [Worker-72: ビルド] INFO  o.a.m.s.f.DefaultMavenResourcesFiltering - skip non existing resourceDirectory /Applications/Eclipse_2023-12.app/Contents/kadai_002/kadai_002/samuraitravel/src/test/resources
2024-11-20 23:02:52,620 [Worker-76: ビルド] INFO  o.a.m.s.f.DefaultMavenResourcesFiltering - Copying 1 resource from src/main/resources to target/classes
2024-11-20 23:02:52,667 [Worker-76: ビルド] INFO  o.a.m.s.f.DefaultMavenResourcesFiltering - Copying 38 resources from src/main/resources to target/classes
2024-11-20 23:02:52,679 [Worker-76: ビルド] INFO  o.a.m.s.f.DefaultMavenResourcesFiltering - skip non existing resourceDirectory /Applications/Eclipse_2023-12.app/Contents/kadai_002/kadai_002/samuraitravel/src/test/resources
2024-11-20 23:03:30,185 [Worker-78: ビルド] INFO  o.a.m.s.f.DefaultMavenResourcesFiltering - Copying 1 resource from src/main/resources to target/classes
2024-11-20 23:03:30,188 [Worker-78: ビルド] INFO  o.a.m.s.f.DefaultMavenResourcesFiltering - Copying 38 resources from src/main/resources to target/classes
2024-11-20 23:03:30,191 [Worker-78: ビルド] INFO  o.a.m.s.f.DefaultMavenResourcesFiltering - skip non existing resourceDirectory /Applications/Eclipse_2023-12.app/Contents/kadai_002/kadai_002/samuraitravel/src/test/resources
2024-11-22 23:00:57,945 [Worker-85: ワークスペースをビルド中] INFO  o.a.m.s.f.DefaultMavenResourcesFiltering - Copying 1 resource from src/main/resources to target/classes
2024-11-22 23:00:57,966 [Worker-85: ワークスペースをビルド中] INFO  o.a.m.s.f.DefaultMavenResourcesFiltering - Copying 38 resources from src/main/resources to target/classes
2024-11-22 23:00:57,983 [Worker-85: ワークスペースをビルド中] INFO  o.a.m.s.f.DefaultMavenResourcesFiltering - skip non existing resourceDirectory /Applications/Eclipse_2023-12.app/Contents/kadai_002/kadai_002/samuraitravel/src/test/resources
2024-11-22 23:01:38,633 [Worker-82: ビルド] INFO  o.a.m.s.f.DefaultMavenResourcesFiltering - Copying 1 resource from src/main/resources to target/classes
2024-11-22 23:01:38,645 [Worker-82: ビルド] INFO  o.a.m.s.f.DefaultMavenResourcesFiltering - Copying 38 resources from src/main/resources to target/classes
2024-11-22 23:01:38,650 [Worker-82: ビルド] INFO  o.a.m.s.f.DefaultMavenResourcesFiltering - skip non existing resourceDirectory /Applications/Eclipse_2023-12.app/Contents/kadai_002/kadai_002/samuraitravel/src/test/resources
2024-11-23 21:21:04,362 [Worker-132: ビルド] INFO  o.a.m.s.f.DefaultMavenResourcesFiltering - Copying 1 resource from src/main/resources to target/classes
2024-11-23 21:21:04,378 [Worker-132: ビルド] INFO  o.a.m.s.f.DefaultMavenResourcesFiltering - Copying 38 resources from src/main/resources to target/classes
2024-11-23 21:21:04,386 [Worker-132: ビルド] INFO  o.a.m.s.f.DefaultMavenResourcesFiltering - skip non existing resourceDirectory /Applications/Eclipse_2023-12.app/Contents/kadai_002/kadai_002/samuraitravel/src/test/resources
2024-11-23 22:10:43,756 [Worker-6: Loading available Gradle versions] INFO  o.e.b.c.i.u.g.PublishedGradleVersions - Gradle version information cache is up-to-date. Trying to read.
2024-11-24 22:12:25,504 [Worker-24: ビルド] INFO  o.a.m.s.f.DefaultMavenResourcesFiltering - Copying 1 resource from src/main/resources to target/classes
2024-11-24 22:12:25,565 [Worker-24: ビルド] INFO  o.a.m.s.f.DefaultMavenResourcesFiltering - Copying 38 resources from src/main/resources to target/classes
2024-11-24 22:12:25,586 [Worker-24: ビルド] INFO  o.a.m.s.f.DefaultMavenResourcesFiltering - skip non existing resourceDirectory /Applications/Eclipse_2023-12.app/Contents/kadai_002/kadai_002/samuraitravel/src/test/resources
2024-11-24 22:19:16,500 [Worker-11: Loading available Gradle versions] INFO  o.e.b.c.i.u.g.PublishedGradleVersions - Gradle version information cache is up-to-date. Trying to read.
2024-11-24 22:19:47,460 [Worker-2: ビルド] INFO  o.a.m.s.f.DefaultMavenResourcesFiltering - Copying 1 resource from src/main/resources to target/classes
2024-11-24 22:19:47,495 [Worker-2: ビルド] INFO  o.a.m.s.f.DefaultMavenResourcesFiltering - Copying 38 resources from src/main/resources to target/classes
2024-11-24 22:19:47,503 [Worker-2: ビルド] INFO  o.a.m.s.f.DefaultMavenResourcesFiltering - skip non existing resourceDirectory /Applications/Eclipse_2023-12.app/Contents/kadai_002/kadai_002/samuraitravel/src/test/resources
2024-11-24 22:30:55,767 [Worker-13: ビルド] INFO  o.a.m.s.f.DefaultMavenResourcesFiltering - Copying 1 resource from src/main/resources to target/classes
2024-11-24 22:30:55,783 [Worker-13: ビルド] INFO  o.a.m.s.f.DefaultMavenResourcesFiltering - Copying 38 resources from src/main/resources to target/classes
2024-11-24 22:30:55,787 [Worker-13: ビルド] INFO  o.a.m.s.f.DefaultMavenResourcesFiltering - skip non existing resourceDirectory /Applications/Eclipse_2023-12.app/Contents/kadai_002/kadai_002/samuraitravel/src/test/resources
2024-11-24 22:41:39,911 [Worker-15: ビルド] INFO  o.a.m.s.f.DefaultMavenResourcesFiltering - Copying 1 resource from src/main/resources to target/classes
2024-11-24 22:41:39,926 [Worker-15: ビルド] INFO  o.a.m.s.f.DefaultMavenResourcesFiltering - Copying 38 resources from src/main/resources to target/classes
2024-11-24 22:41:39,930 [Worker-15: ビルド] INFO  o.a.m.s.f.DefaultMavenResourcesFiltering - skip non existing resourceDirectory /Applications/Eclipse_2023-12.app/Contents/kadai_002/kadai_002/samuraitravel/src/test/resources
2024-11-24 23:08:48,971 [Worker-22: ビルド] INFO  o.a.m.s.f.DefaultMavenResourcesFiltering - Copying 1 resource from src/main/resources to target/classes
2024-11-24 23:08:48,998 [Worker-22: ビルド] INFO  o.a.m.s.f.DefaultMavenResourcesFiltering - Copying 38 resources from src/main/resources to target/classes
2024-11-24 23:08:49,012 [Worker-22: ビルド] INFO  o.a.m.s.f.DefaultMavenResourcesFiltering - skip non existing resourceDirectory /Applications/Eclipse_2023-12.app/Contents/kadai_002/kadai_002/samuraitravel/src/test/resources
2024-11-25 21:54:28,314 [Worker-36: ビルド] INFO  o.a.m.s.f.DefaultMavenResourcesFiltering - Copying 1 resource from src/main/resources to target/classes
2024-11-25 21:54:28,328 [Worker-36: ビルド] INFO  o.a.m.s.f.DefaultMavenResourcesFiltering - Copying 38 resources from src/main/resources to target/classes
2024-11-25 21:54:28,333 [Worker-36: ビルド] INFO  o.a.m.s.f.DefaultMavenResourcesFiltering - skip non existing resourceDirectory /Applications/Eclipse_2023-12.app/Contents/kadai_002/kadai_002/samuraitravel/src/test/resources
2024-11-25 23:17:51,852 [Worker-44: ビルド] INFO  o.a.m.s.f.DefaultMavenResourcesFiltering - Copying 1 resource from src/main/resources to target/classes
2024-11-25 23:17:51,867 [Worker-44: ビルド] INFO  o.a.m.s.f.DefaultMavenResourcesFiltering - Copying 38 resources from src/main/resources to target/classes
2024-11-25 23:17:51,873 [Worker-44: ビルド] INFO  o.a.m.s.f.DefaultMavenResourcesFiltering - skip non existing resourceDirectory /Applications/Eclipse_2023-12.app/Contents/kadai_002/kadai_002/samuraitravel/src/test/resources
2024-11-25 23:18:07,489 [Worker-44: ビルド] INFO  o.a.m.s.f.DefaultMavenResourcesFiltering - Copying 1 resource from src/main/resources to target/classes
2024-11-25 23:18:07,496 [Worker-44: ビルド] INFO  o.a.m.s.f.DefaultMavenResourcesFiltering - Copying 38 resources from src/main/resources to target/classes
2024-11-25 23:18:07,507 [Worker-44: ビルド] INFO  o.a.m.s.f.DefaultMavenResourcesFiltering - skip non existing resourceDirectory /Applications/Eclipse_2023-12.app/Contents/kadai_002/kadai_002/samuraitravel/src/test/resources
2024-11-26 22:11:58,855 [Worker-45: ビルド] INFO  o.a.m.s.f.DefaultMavenResourcesFiltering - Copying 1 resource from src/main/resources to target/classes
2024-11-26 22:11:58,867 [Worker-45: ビルド] INFO  o.a.m.s.f.DefaultMavenResourcesFiltering - Copying 38 resources from src/main/resources to target/classes
2024-11-26 22:11:58,879 [Worker-45: ビルド] INFO  o.a.m.s.f.DefaultMavenResourcesFiltering - skip non existing resourceDirectory /Applications/Eclipse_2023-12.app/Contents/kadai_002/kadai_002/samuraitravel/src/test/resources
2024-11-26 22:12:41,083 [Worker-45: ビルド] INFO  o.a.m.s.f.DefaultMavenResourcesFiltering - Copying 1 resource from src/main/resources to target/classes
2024-11-26 22:12:41,086 [Worker-45: ビルド] INFO  o.a.m.s.f.DefaultMavenResourcesFiltering - Copying 38 resources from src/main/resources to target/classes
2024-11-26 22:12:41,090 [Worker-45: ビルド] INFO  o.a.m.s.f.DefaultMavenResourcesFiltering - skip non existing resourceDirectory /Applications/Eclipse_2023-12.app/Contents/kadai_002/kadai_002/samuraitravel/src/test/resources
2024-11-26 22:15:50,248 [Worker-45: ビルド] INFO  o.a.m.s.f.DefaultMavenResourcesFiltering - Copying 1 resource from src/main/resources to target/classes
2024-11-26 22:15:50,263 [Worker-45: ビルド] INFO  o.a.m.s.f.DefaultMavenResourcesFiltering - Copying 38 resources from src/main/resources to target/classes
2024-11-26 22:15:50,269 [Worker-45: ビルド] INFO  o.a.m.s.f.DefaultMavenResourcesFiltering - skip non existing resourceDirectory /Applications/Eclipse_2023-12.app/Contents/kadai_002/kadai_002/samuraitravel/src/test/resources
2024-11-27 23:22:28,277 [Worker-87: ビルド] INFO  o.a.m.s.f.DefaultMavenResourcesFiltering - Copying 1 resource from src/main/resources to target/classes
2024-11-27 23:22:28,299 [Worker-87: ビルド] INFO  o.a.m.s.f.DefaultMavenResourcesFiltering - Copying 38 resources from src/main/resources to target/classes
2024-11-27 23:22:28,306 [Worker-87: ビルド] INFO  o.a.m.s.f.DefaultMavenResourcesFiltering - skip non existing resourceDirectory /Applications/Eclipse_2023-12.app/Contents/kadai_002/kadai_002/samuraitravel/src/test/resources
2024-12-01 01:35:48,711 [Worker-103: ビルド] INFO  o.a.m.s.f.DefaultMavenResourcesFiltering - Copying 1 resource from src/main/resources to target/classes
2024-12-01 01:35:48,738 [Worker-103: ビルド] INFO  o.a.m.s.f.DefaultMavenResourcesFiltering - Copying 38 resources from src/main/resources to target/classes
2024-12-01 01:35:48,749 [Worker-103: ビルド] INFO  o.a.m.s.f.DefaultMavenResourcesFiltering - skip non existing resourceDirectory /Applications/Eclipse_2023-12.app/Contents/kadai_002/kadai_002/samuraitravel/src/test/resources
2024-12-01 08:32:59,593 [Worker-8: Loading available Gradle versions] INFO  o.e.b.c.i.u.g.PublishedGradleVersions - Gradle version information cache is up-to-date. Trying to read.
2024-12-01 22:19:11,312 [Worker-34: ビルド] INFO  o.a.m.s.f.DefaultMavenResourcesFiltering - Copying 1 resource from src/main/resources to target/classes
2024-12-01 22:19:11,365 [Worker-34: ビルド] INFO  o.a.m.s.f.DefaultMavenResourcesFiltering - Copying 38 resources from src/main/resources to target/classes
2024-12-01 22:19:11,390 [Worker-34: ビルド] INFO  o.a.m.s.f.DefaultMavenResourcesFiltering - skip non existing resourceDirectory /Applications/Eclipse_2023-12.app/Contents/kadai_002/kadai_002/samuraitravel/src/test/resources
2024-12-01 22:58:49,011 [Worker-40: ビルド] INFO  o.a.m.s.f.DefaultMavenResourcesFiltering - Copying 0 resource from src/main/resources to target/classes
2024-12-01 22:58:49,016 [Worker-40: ビルド] INFO  o.a.m.s.f.DefaultMavenResourcesFiltering - Copying 1 resource from src/main/resources to target/classes
2024-12-01 22:58:49,028 [Worker-40: ビルド] INFO  o.a.m.s.f.DefaultMavenResourcesFiltering - skip non existing resourceDirectory /Applications/Eclipse_2023-12.app/Contents/kadai_002/kadai_002/samuraitravel/src/test/resources
2024-12-01 23:03:35,269 [Worker-32: ビルド] INFO  o.a.m.s.f.DefaultMavenResourcesFiltering - Copying 0 resource from src/main/resources to target/classes
2024-12-01 23:03:35,272 [Worker-32: ビルド] INFO  o.a.m.s.f.DefaultMavenResourcesFiltering - Copying 1 resource from src/main/resources to target/classes
2024-12-01 23:03:35,277 [Worker-32: ビルド] INFO  o.a.m.s.f.DefaultMavenResourcesFiltering - skip non existing resourceDirectory /Applications/Eclipse_2023-12.app/Contents/kadai_002/kadai_002/samuraitravel/src/test/resources
2024-12-01 23:09:33,647 [Worker-41: samuraitravel - SamuraitravelApplication の起動] INFO  o.a.m.s.f.DefaultMavenResourcesFiltering - Copying 1 resource from src/main/resources to target/classes
2024-12-01 23:09:33,664 [Worker-41: samuraitravel - SamuraitravelApplication の起動] INFO  o.a.m.s.f.DefaultMavenResourcesFiltering - Copying 38 resources from src/main/resources to target/classes
2024-12-01 23:09:33,669 [Worker-41: samuraitravel - SamuraitravelApplication の起動] INFO  o.a.m.s.f.DefaultMavenResourcesFiltering - skip non existing resourceDirectory /Applications/Eclipse_2023-12.app/Contents/kadai_002/kadai_002/samuraitravel/src/test/resources
2024-12-02 22:20:17,561 [Worker-46: ビルド] INFO  o.a.m.s.f.DefaultMavenResourcesFiltering - Copying 1 resource from src/main/resources to target/classes
2024-12-02 22:20:17,579 [Worker-46: ビルド] INFO  o.a.m.s.f.DefaultMavenResourcesFiltering - Copying 38 resources from src/main/resources to target/classes
2024-12-02 22:20:17,587 [Worker-46: ビルド] INFO  o.a.m.s.f.DefaultMavenResourcesFiltering - skip non existing resourceDirectory /Applications/Eclipse_2023-12.app/Contents/kadai_002/kadai_002/samuraitravel/src/test/resources
2024-12-02 22:35:55,059 [Worker-46: ビルド] INFO  o.a.m.s.f.DefaultMavenResourcesFiltering - Copying 1 resource from src/main/resources to target/classes
2024-12-02 22:35:55,075 [Worker-46: ビルド] INFO  o.a.m.s.f.DefaultMavenResourcesFiltering - Copying 38 resources from src/main/resources to target/classes
2024-12-02 22:35:55,086 [Worker-46: ビルド] INFO  o.a.m.s.f.DefaultMavenResourcesFiltering - skip non existing resourceDirectory /Applications/Eclipse_2023-12.app/Contents/kadai_002/kadai_002/samuraitravel/src/test/resources
2024-12-02 22:40:24,335 [Worker-52: ビルド] INFO  o.a.m.s.f.DefaultMavenResourcesFiltering - Copying 1 resource from src/main/resources to target/classes
2024-12-02 22:40:24,345 [Worker-52: ビルド] INFO  o.a.m.s.f.DefaultMavenResourcesFiltering - Copying 38 resources from src/main/resources to target/classes
2024-12-02 22:40:24,360 [Worker-52: ビルド] INFO  o.a.m.s.f.DefaultMavenResourcesFiltering - skip non existing resourceDirectory /Applications/Eclipse_2023-12.app/Contents/kadai_002/kadai_002/samuraitravel/src/test/resources
2024-12-02 23:28:29,256 [Worker-57: ビルド] INFO  o.a.m.s.f.DefaultMavenResourcesFiltering - Copying 1 resource from src/main/resources to target/classes
2024-12-02 23:28:29,262 [Worker-57: ビルド] INFO  o.a.m.s.f.DefaultMavenResourcesFiltering - Copying 38 resources from src/main/resources to target/classes
2024-12-02 23:28:29,273 [Worker-57: ビルド] INFO  o.a.m.s.f.DefaultMavenResourcesFiltering - skip non existing resourceDirectory /Applications/Eclipse_2023-12.app/Contents/kadai_002/kadai_002/samuraitravel/src/test/resources
2024-12-03 22:39:19,407 [Worker-73: ビルド] INFO  o.a.m.s.f.DefaultMavenResourcesFiltering - Copying 1 resource from src/main/resources to target/classes
2024-12-03 22:39:19,412 [Worker-73: ビルド] INFO  o.a.m.s.f.DefaultMavenResourcesFiltering - Copying 38 resources from src/main/resources to target/classes
2024-12-03 22:39:19,417 [Worker-73: ビルド] INFO  o.a.m.s.f.DefaultMavenResourcesFiltering - skip non existing resourceDirectory /Applications/Eclipse_2023-12.app/Contents/kadai_002/kadai_002/samuraitravel/src/test/resources
2024-12-03 22:50:22,716 [Worker-74: ビルド] INFO  o.a.m.s.f.DefaultMavenResourcesFiltering - Copying 1 resource from src/main/resources to target/classes
2024-12-03 22:50:22,730 [Worker-74: ビルド] INFO  o.a.m.s.f.DefaultMavenResourcesFiltering - Copying 38 resources from src/main/resources to target/classes
2024-12-03 22:50:22,737 [Worker-74: ビルド] INFO  o.a.m.s.f.DefaultMavenResourcesFiltering - skip non existing resourceDirectory /Applications/Eclipse_2023-12.app/Contents/kadai_002/kadai_002/samuraitravel/src/test/resources
2024-12-03 23:16:06,141 [Worker-79: ビルド] INFO  o.a.m.s.f.DefaultMavenResourcesFiltering - Copying 1 resource from src/main/resources to target/classes
2024-12-03 23:16:06,151 [Worker-79: ビルド] INFO  o.a.m.s.f.DefaultMavenResourcesFiltering - Copying 38 resources from src/main/resources to target/classes
2024-12-03 23:16:06,154 [Worker-79: ビルド] INFO  o.a.m.s.f.DefaultMavenResourcesFiltering - skip non existing resourceDirectory /Applications/Eclipse_2023-12.app/Contents/kadai_002/kadai_002/samuraitravel/src/test/resources
2024-12-06 23:13:42,937 [Worker-90: ビルド] INFO  o.a.m.s.f.DefaultMavenResourcesFiltering - Copying 1 resource from src/main/resources to target/classes
2024-12-06 23:13:42,951 [Worker-90: ビルド] INFO  o.a.m.s.f.DefaultMavenResourcesFiltering - Copying 38 resources from src/main/resources to target/classes
2024-12-06 23:13:42,965 [Worker-90: ビルド] INFO  o.a.m.s.f.DefaultMavenResourcesFiltering - skip non existing resourceDirectory /Applications/Eclipse_2023-12.app/Contents/kadai_002/kadai_002/samuraitravel/src/test/resources
2024-12-06 23:15:33,210 [Worker-110: ビルド] INFO  o.a.m.s.f.DefaultMavenResourcesFiltering - Copying 1 resource from src/main/resources to target/classes
2024-12-06 23:15:33,216 [Worker-110: ビルド] INFO  o.a.m.s.f.DefaultMavenResourcesFiltering - Copying 38 resources from src/main/resources to target/classes
2024-12-06 23:15:33,221 [Worker-110: ビルド] INFO  o.a.m.s.f.DefaultMavenResourcesFiltering - skip non existing resourceDirectory /Applications/Eclipse_2023-12.app/Contents/kadai_002/kadai_002/samuraitravel/src/test/resources
2024-12-06 23:16:27,046 [Worker-108: ビルド] INFO  o.a.m.s.f.DefaultMavenResourcesFiltering - Copying 1 resource from src/main/resources to target/classes
2024-12-06 23:16:27,051 [Worker-108: ビルド] INFO  o.a.m.s.f.DefaultMavenResourcesFiltering - Copying 38 resources from src/main/resources to target/classes
2024-12-06 23:16:27,057 [Worker-108: ビルド] INFO  o.a.m.s.f.DefaultMavenResourcesFiltering - skip non existing resourceDirectory /Applications/Eclipse_2023-12.app/Contents/kadai_002/kadai_002/samuraitravel/src/test/resources
2024-12-06 23:21:25,299 [Worker-103: ビルド] INFO  o.a.m.s.f.DefaultMavenResourcesFiltering - Copying 1 resource from src/main/resources to target/classes
2024-12-06 23:21:25,304 [Worker-103: ビルド] INFO  o.a.m.s.f.DefaultMavenResourcesFiltering - Copying 38 resources from src/main/resources to target/classes
2024-12-06 23:21:25,308 [Worker-103: ビルド] INFO  o.a.m.s.f.DefaultMavenResourcesFiltering - skip non existing resourceDirectory /Applications/Eclipse_2023-12.app/Contents/kadai_002/kadai_002/samuraitravel/src/test/resources
2024-12-06 23:33:04,206 [Worker-111: ビルド] INFO  o.a.m.s.f.DefaultMavenResourcesFiltering - Copying 1 resource from src/main/resources to target/classes
2024-12-06 23:33:04,217 [Worker-111: ビルド] INFO  o.a.m.s.f.DefaultMavenResourcesFiltering - Copying 38 resources from src/main/resources to target/classes
2024-12-06 23:33:04,228 [Worker-111: ビルド] INFO  o.a.m.s.f.DefaultMavenResourcesFiltering - skip non existing resourceDirectory /Applications/Eclipse_2023-12.app/Contents/kadai_002/kadai_002/samuraitravel/src/test/resources
2024-12-06 23:42:23,435 [Worker-114: ビルド] INFO  o.a.m.s.f.DefaultMavenResourcesFiltering - Copying 1 resource from src/main/resources to target/classes
2024-12-06 23:42:23,442 [Worker-114: ビルド] INFO  o.a.m.s.f.DefaultMavenResourcesFiltering - Copying 38 resources from src/main/resources to target/classes
2024-12-06 23:42:23,446 [Worker-114: ビルド] INFO  o.a.m.s.f.DefaultMavenResourcesFiltering - skip non existing resourceDirectory /Applications/Eclipse_2023-12.app/Contents/kadai_002/kadai_002/samuraitravel/src/test/resources
2024-12-07 03:25:39,301 [Worker-134: ビルド] INFO  o.a.m.s.f.DefaultMavenResourcesFiltering - Copying 1 resource from src/main/resources to target/classes
2024-12-07 03:25:39,317 [Worker-134: ビルド] INFO  o.a.m.s.f.DefaultMavenResourcesFiltering - Copying 38 resources from src/main/resources to target/classes
2024-12-07 03:25:39,328 [Worker-134: ビルド] INFO  o.a.m.s.f.DefaultMavenResourcesFiltering - skip non existing resourceDirectory /Applications/Eclipse_2023-12.app/Contents/kadai_002/kadai_002/samuraitravel/src/test/resources
2024-12-09 22:10:06,309 [Worker-153: ビルド] INFO  o.a.m.s.f.DefaultMavenResourcesFiltering - Copying 1 resource from src/main/resources to target/classes
2024-12-09 22:10:06,316 [Worker-153: ビルド] INFO  o.a.m.s.f.DefaultMavenResourcesFiltering - Copying 38 resources from src/main/resources to target/classes
2024-12-09 22:10:06,322 [Worker-153: ビルド] INFO  o.a.m.s.f.DefaultMavenResourcesFiltering - skip non existing resourceDirectory /Applications/Eclipse_2023-12.app/Contents/kadai_002/kadai_002/samuraitravel/src/test/resources
2024-12-09 22:19:29,972 [Worker-158: ビルド] INFO  o.a.m.s.f.DefaultMavenResourcesFiltering - Copying 1 resource from src/main/resources to target/classes
2024-12-09 22:19:29,988 [Worker-158: ビルド] INFO  o.a.m.s.f.DefaultMavenResourcesFiltering - Copying 38 resources from src/main/resources to target/classes
2024-12-09 22:19:29,995 [Worker-158: ビルド] INFO  o.a.m.s.f.DefaultMavenResourcesFiltering - skip non existing resourceDirectory /Applications/Eclipse_2023-12.app/Contents/kadai_002/kadai_002/samuraitravel/src/test/resources
2024-12-09 22:19:43,261 [Worker-159: ビルド] INFO  o.a.m.s.f.DefaultMavenResourcesFiltering - Copying 1 resource from src/main/resources to target/classes
2024-12-09 22:19:43,272 [Worker-159: ビルド] INFO  o.a.m.s.f.DefaultMavenResourcesFiltering - Copying 38 resources from src/main/resources to target/classes
2024-12-09 22:19:43,292 [Worker-159: ビルド] INFO  o.a.m.s.f.DefaultMavenResourcesFiltering - skip non existing resourceDirectory /Applications/Eclipse_2023-12.app/Contents/kadai_002/kadai_002/samuraitravel/src/test/resources
2024-12-09 22:56:33,185 [Worker-160: ビルド] INFO  o.a.m.s.f.DefaultMavenResourcesFiltering - Copying 0 resource from src/main/resources to target/classes
2024-12-09 22:56:33,197 [Worker-160: ビルド] INFO  o.a.m.s.f.DefaultMavenResourcesFiltering - Copying 1 resource from src/main/resources to target/classes
2024-12-09 22:56:33,217 [Worker-160: ビルド] INFO  o.a.m.s.f.DefaultMavenResourcesFiltering - skip non existing resourceDirectory /Applications/Eclipse_2023-12.app/Contents/kadai_002/kadai_002/samuraitravel/src/test/resources
2024-12-09 22:57:17,700 [Worker-160: ビルド] INFO  o.a.m.s.f.DefaultMavenResourcesFiltering - Copying 0 resource from src/main/resources to target/classes
2024-12-09 22:57:17,712 [Worker-160: ビルド] INFO  o.a.m.s.f.DefaultMavenResourcesFiltering - Copying 1 resource from src/main/resources to target/classes
2024-12-09 22:57:17,721 [Worker-160: ビルド] INFO  o.a.m.s.f.DefaultMavenResourcesFiltering - skip non existing resourceDirectory /Applications/Eclipse_2023-12.app/Contents/kadai_002/kadai_002/samuraitravel/src/test/resources
2024-12-09 22:58:07,752 [Worker-160: ビルド] INFO  o.a.m.s.f.DefaultMavenResourcesFiltering - Copying 0 resource from src/main/resources to target/classes
2024-12-09 22:58:07,756 [Worker-160: ビルド] INFO  o.a.m.s.f.DefaultMavenResourcesFiltering - Copying 1 resource from src/main/resources to target/classes
2024-12-09 22:58:07,765 [Worker-160: ビルド] INFO  o.a.m.s.f.DefaultMavenResourcesFiltering - skip non existing resourceDirectory /Applications/Eclipse_2023-12.app/Contents/kadai_002/kadai_002/samuraitravel/src/test/resources
2024-12-09 23:13:08,676 [Worker-164: ビルド] INFO  o.a.m.s.f.DefaultMavenResourcesFiltering - Copying 0 resource from src/main/resources to target/classes
2024-12-09 23:13:08,681 [Worker-164: ビルド] INFO  o.a.m.s.f.DefaultMavenResourcesFiltering - Copying 1 resource from src/main/resources to target/classes
2024-12-09 23:13:08,691 [Worker-164: ビルド] INFO  o.a.m.s.f.DefaultMavenResourcesFiltering - skip non existing resourceDirectory /Applications/Eclipse_2023-12.app/Contents/kadai_002/kadai_002/samuraitravel/src/test/resources
2024-12-09 23:13:43,154 [Worker-161: ビルド] INFO  o.a.m.s.f.DefaultMavenResourcesFiltering - Copying 0 resource from src/main/resources to target/classes
2024-12-09 23:13:43,158 [Worker-161: ビルド] INFO  o.a.m.s.f.DefaultMavenResourcesFiltering - Copying 1 resource from src/main/resources to target/classes
2024-12-09 23:13:43,173 [Worker-161: ビルド] INFO  o.a.m.s.f.DefaultMavenResourcesFiltering - skip non existing resourceDirectory /Applications/Eclipse_2023-12.app/Contents/kadai_002/kadai_002/samuraitravel/src/test/resources
2024-12-09 23:14:05,211 [Worker-158: ビルド] INFO  o.a.m.s.f.DefaultMavenResourcesFiltering - Copying 0 resource from src/main/resources to target/classes
2024-12-09 23:14:05,215 [Worker-158: ビルド] INFO  o.a.m.s.f.DefaultMavenResourcesFiltering - Copying 1 resource from src/main/resources to target/classes
2024-12-09 23:14:05,219 [Worker-158: ビルド] INFO  o.a.m.s.f.DefaultMavenResourcesFiltering - skip non existing resourceDirectory /Applications/Eclipse_2023-12.app/Contents/kadai_002/kadai_002/samuraitravel/src/test/resources
2024-12-09 23:21:31,791 [Worker-157: ビルド] INFO  o.a.m.s.f.DefaultMavenResourcesFiltering - Copying 1 resource from src/main/resources to target/classes
2024-12-09 23:21:31,810 [Worker-157: ビルド] INFO  o.a.m.s.f.DefaultMavenResourcesFiltering - Copying 41 resources from src/main/resources to target/classes
2024-12-09 23:21:31,834 [Worker-157: ビルド] INFO  o.a.m.s.f.DefaultMavenResourcesFiltering - skip non existing resourceDirectory /Applications/Eclipse_2023-12.app/Contents/kadai_002/kadai_002/samuraitravel/src/test/resources
2024-12-09 23:24:33,211 [Worker-168: ビルド] INFO  o.a.m.s.f.DefaultMavenResourcesFiltering - Copying 1 resource from src/main/resources to target/classes
2024-12-09 23:24:33,221 [Worker-168: ビルド] INFO  o.a.m.s.f.DefaultMavenResourcesFiltering - Copying 41 resources from src/main/resources to target/classes
2024-12-09 23:24:33,225 [Worker-168: ビルド] INFO  o.a.m.s.f.DefaultMavenResourcesFiltering - skip non existing resourceDirectory /Applications/Eclipse_2023-12.app/Contents/kadai_002/kadai_002/samuraitravel/src/test/resources
2024-12-09 23:29:15,845 [Worker-157: ビルド] INFO  o.a.m.s.f.DefaultMavenResourcesFiltering - Copying 1 resource from src/main/resources to target/classes
2024-12-09 23:29:15,858 [Worker-157: ビルド] INFO  o.a.m.s.f.DefaultMavenResourcesFiltering - Copying 41 resources from src/main/resources to target/classes
2024-12-09 23:29:15,868 [Worker-157: ビルド] INFO  o.a.m.s.f.DefaultMavenResourcesFiltering - skip non existing resourceDirectory /Applications/Eclipse_2023-12.app/Contents/kadai_002/kadai_002/samuraitravel/src/test/resources
2024-12-09 23:32:06,489 [Worker-168: ビルド] INFO  o.a.m.s.f.DefaultMavenResourcesFiltering - Copying 1 resource from src/main/resources to target/classes
2024-12-09 23:32:06,500 [Worker-168: ビルド] INFO  o.a.m.s.f.DefaultMavenResourcesFiltering - Copying 41 resources from src/main/resources to target/classes
2024-12-09 23:32:06,504 [Worker-168: ビルド] INFO  o.a.m.s.f.DefaultMavenResourcesFiltering - skip non existing resourceDirectory /Applications/Eclipse_2023-12.app/Contents/kadai_002/kadai_002/samuraitravel/src/test/resources
2024-12-09 23:34:34,355 [Worker-172: ビルド] INFO  o.a.m.s.f.DefaultMavenResourcesFiltering - Copying 1 resource from src/main/resources to target/classes
2024-12-09 23:34:34,367 [Worker-172: ビルド] INFO  o.a.m.s.f.DefaultMavenResourcesFiltering - Copying 41 resources from src/main/resources to target/classes
2024-12-09 23:34:34,377 [Worker-172: ビルド] INFO  o.a.m.s.f.DefaultMavenResourcesFiltering - skip non existing resourceDirectory /Applications/Eclipse_2023-12.app/Contents/kadai_002/kadai_002/samuraitravel/src/test/resources
2024-12-09 23:43:54,113 [Worker-175: ビルド] INFO  o.a.m.s.f.DefaultMavenResourcesFiltering - Copying 1 resource from src/main/resources to target/classes
2024-12-09 23:43:54,125 [Worker-175: ビルド] INFO  o.a.m.s.f.DefaultMavenResourcesFiltering - Copying 41 resources from src/main/resources to target/classes
2024-12-09 23:43:54,129 [Worker-175: ビルド] INFO  o.a.m.s.f.DefaultMavenResourcesFiltering - skip non existing resourceDirectory /Applications/Eclipse_2023-12.app/Contents/kadai_002/kadai_002/samuraitravel/src/test/resources
2024-12-09 23:44:10,717 [Worker-174: ビルド] INFO  o.a.m.s.f.DefaultMavenResourcesFiltering - Copying 1 resource from src/main/resources to target/classes
2024-12-09 23:44:11,060 [Worker-174: ビルド] INFO  o.a.m.s.f.DefaultMavenResourcesFiltering - Copying 41 resources from src/main/resources to target/classes
2024-12-09 23:44:11,159 [Worker-174: ビルド] INFO  o.a.m.s.f.DefaultMavenResourcesFiltering - skip non existing resourceDirectory /Applications/Eclipse_2023-12.app/Contents/kadai_002/kadai_002/samuraitravel/src/test/resources
2024-12-10 22:31:43,612 [Worker-178: ビルド] INFO  o.a.m.s.f.DefaultMavenResourcesFiltering - Copying 1 resource from src/main/resources to target/classes
2024-12-10 22:31:43,623 [Worker-178: ビルド] INFO  o.a.m.s.f.DefaultMavenResourcesFiltering - Copying 41 resources from src/main/resources to target/classes
2024-12-10 22:31:43,631 [Worker-178: ビルド] INFO  o.a.m.s.f.DefaultMavenResourcesFiltering - skip non existing resourceDirectory /Applications/Eclipse_2023-12.app/Contents/kadai_002/kadai_002/samuraitravel/src/test/resources
2024-12-10 22:32:09,890 [Worker-180: ビルド] INFO  o.a.m.s.f.DefaultMavenResourcesFiltering - Copying 1 resource from src/main/resources to target/classes
2024-12-10 22:32:09,894 [Worker-180: ビルド] INFO  o.a.m.s.f.DefaultMavenResourcesFiltering - Copying 41 resources from src/main/resources to target/classes
2024-12-10 22:32:09,896 [Worker-180: ビルド] INFO  o.a.m.s.f.DefaultMavenResourcesFiltering - skip non existing resourceDirectory /Applications/Eclipse_2023-12.app/Contents/kadai_002/kadai_002/samuraitravel/src/test/resources
2024-12-10 22:33:07,183 [Worker-174: ビルド] INFO  o.a.m.s.f.DefaultMavenResourcesFiltering - Copying 1 resource from src/main/resources to target/classes
2024-12-10 22:33:07,188 [Worker-174: ビルド] INFO  o.a.m.s.f.DefaultMavenResourcesFiltering - Copying 41 resources from src/main/resources to target/classes
2024-12-10 22:33:07,193 [Worker-174: ビルド] INFO  o.a.m.s.f.DefaultMavenResourcesFiltering - skip non existing resourceDirectory /Applications/Eclipse_2023-12.app/Contents/kadai_002/kadai_002/samuraitravel/src/test/resources
2024-12-10 23:18:21,882 [Worker-186: ビルド] INFO  o.a.m.s.f.DefaultMavenResourcesFiltering - Copying 1 resource from src/main/resources to target/classes
2024-12-10 23:18:21,898 [Worker-186: ビルド] INFO  o.a.m.s.f.DefaultMavenResourcesFiltering - Copying 41 resources from src/main/resources to target/classes
2024-12-10 23:18:21,908 [Worker-186: ビルド] INFO  o.a.m.s.f.DefaultMavenResourcesFiltering - skip non existing resourceDirectory /Applications/Eclipse_2023-12.app/Contents/kadai_002/kadai_002/samuraitravel/src/test/resources
2024-12-10 23:19:31,263 [Worker-182: ビルド] INFO  o.a.m.s.f.DefaultMavenResourcesFiltering - Copying 1 resource from src/main/resources to target/classes
2024-12-10 23:19:31,271 [Worker-182: ビルド] INFO  o.a.m.s.f.DefaultMavenResourcesFiltering - Copying 41 resources from src/main/resources to target/classes
2024-12-10 23:19:31,274 [Worker-182: ビルド] INFO  o.a.m.s.f.DefaultMavenResourcesFiltering - skip non existing resourceDirectory /Applications/Eclipse_2023-12.app/Contents/kadai_002/kadai_002/samuraitravel/src/test/resources
2024-12-10 23:20:28,930 [Worker-182: ビルド] INFO  o.a.m.s.f.DefaultMavenResourcesFiltering - Copying 1 resource from src/main/resources to target/classes
2024-12-10 23:20:28,933 [Worker-182: ビルド] INFO  o.a.m.s.f.DefaultMavenResourcesFiltering - Copying 41 resources from src/main/resources to target/classes
2024-12-10 23:20:28,942 [Worker-182: ビルド] INFO  o.a.m.s.f.DefaultMavenResourcesFiltering - skip non existing resourceDirectory /Applications/Eclipse_2023-12.app/Contents/kadai_002/kadai_002/samuraitravel/src/test/resources
2024-12-10 23:31:35,504 [Worker-186: ビルド] INFO  o.a.m.s.f.DefaultMavenResourcesFiltering - Copying 0 resource from src/main/resources to target/classes
2024-12-10 23:31:35,515 [Worker-186: ビルド] INFO  o.a.m.s.f.DefaultMavenResourcesFiltering - Copying 1 resource from src/main/resources to target/classes
2024-12-10 23:31:35,549 [Worker-186: ビルド] INFO  o.a.m.s.f.DefaultMavenResourcesFiltering - skip non existing resourceDirectory /Applications/Eclipse_2023-12.app/Contents/kadai_002/kadai_002/samuraitravel/src/test/resources
2024-12-10 23:36:52,334 [Worker-194: ビルド] INFO  o.a.m.s.f.DefaultMavenResourcesFiltering - Copying 1 resource from src/main/resources to target/classes
2024-12-10 23:36:52,799 [Worker-194: ビルド] INFO  o.a.m.s.f.DefaultMavenResourcesFiltering - Copying 41 resources from src/main/resources to target/classes
2024-12-10 23:36:52,873 [Worker-194: ビルド] INFO  o.a.m.s.f.DefaultMavenResourcesFiltering - skip non existing resourceDirectory /Applications/Eclipse_2023-12.app/Contents/kadai_002/kadai_002/samuraitravel/src/test/resources
2024-12-10 23:43:45,057 [Worker-199: ビルド] INFO  o.a.m.s.f.DefaultMavenResourcesFiltering - Copying 1 resource from src/main/resources to target/classes
2024-12-10 23:43:45,068 [Worker-199: ビルド] INFO  o.a.m.s.f.DefaultMavenResourcesFiltering - Copying 41 resources from src/main/resources to target/classes
2024-12-10 23:43:45,092 [Worker-199: ビルド] INFO  o.a.m.s.f.DefaultMavenResourcesFiltering - skip non existing resourceDirectory /Applications/Eclipse_2023-12.app/Contents/kadai_002/kadai_002/samuraitravel/src/test/resources
2024-12-11 22:02:06,885 [Worker-218: ビルド] INFO  o.a.m.s.f.DefaultMavenResourcesFiltering - Copying 0 resource from src/main/resources to target/classes
2024-12-11 22:02:06,892 [Worker-218: ビルド] INFO  o.a.m.s.f.DefaultMavenResourcesFiltering - Copying 1 resource from src/main/resources to target/classes
2024-12-11 22:02:06,910 [Worker-218: ビルド] INFO  o.a.m.s.f.DefaultMavenResourcesFiltering - skip non existing resourceDirectory /Applications/Eclipse_2023-12.app/Contents/kadai_002/kadai_002/samuraitravel/src/test/resources
2024-12-11 23:41:51,157 [Worker-221: ビルド] INFO  o.a.m.s.f.DefaultMavenResourcesFiltering - Copying 0 resource from src/main/resources to target/classes
2024-12-11 23:41:51,160 [Worker-221: ビルド] INFO  o.a.m.s.f.DefaultMavenResourcesFiltering - Copying 1 resource from src/main/resources to target/classes
2024-12-11 23:41:51,170 [Worker-221: ビルド] INFO  o.a.m.s.f.DefaultMavenResourcesFiltering - skip non existing resourceDirectory /Applications/Eclipse_2023-12.app/Contents/kadai_002/kadai_002/samuraitravel/src/test/resources
2024-12-15 10:20:16,648 [Worker-271: ビルド] INFO  o.a.m.s.f.DefaultMavenResourcesFiltering - Copying 1 resource from src/main/resources to target/classes
2024-12-15 10:20:16,663 [Worker-271: ビルド] INFO  o.a.m.s.f.DefaultMavenResourcesFiltering - Copying 41 resources from src/main/resources to target/classes
2024-12-15 10:20:16,679 [Worker-271: ビルド] INFO  o.a.m.s.f.DefaultMavenResourcesFiltering - skip non existing resourceDirectory /Applications/Eclipse_2023-12.app/Contents/kadai_002/kadai_002/samuraitravel/src/test/resources
2024-12-15 10:26:01,975 [Worker-272: ビルド] INFO  o.a.m.s.f.DefaultMavenResourcesFiltering - Copying 1 resource from src/main/resources to target/classes
2024-12-15 10:26:02,002 [Worker-272: ビルド] INFO  o.a.m.s.f.DefaultMavenResourcesFiltering - Copying 41 resources from src/main/resources to target/classes
2024-12-15 10:26:02,020 [Worker-272: ビルド] INFO  o.a.m.s.f.DefaultMavenResourcesFiltering - skip non existing resourceDirectory /Applications/Eclipse_2023-12.app/Contents/kadai_002/kadai_002/samuraitravel/src/test/resources
2024-12-15 10:30:20,265 [Worker-279: samuraitravel - SamuraitravelApplication の起動] INFO  o.a.m.s.f.DefaultMavenResourcesFiltering - Copying 1 resource from src/main/resources to target/classes
2024-12-15 10:30:20,272 [Worker-279: samuraitravel - SamuraitravelApplication の起動] INFO  o.a.m.s.f.DefaultMavenResourcesFiltering - Copying 41 resources from src/main/resources to target/classes
2024-12-15 10:30:20,283 [Worker-279: samuraitravel - SamuraitravelApplication の起動] INFO  o.a.m.s.f.DefaultMavenResourcesFiltering - skip non existing resourceDirectory /Applications/Eclipse_2023-12.app/Contents/kadai_002/kadai_002/samuraitravel/src/test/resources
2024-12-15 11:03:13,389 [Worker-292: ビルド] INFO  o.a.m.s.f.DefaultMavenResourcesFiltering - Copying 1 resource from src/main/resources to target/classes
2024-12-15 11:03:13,414 [Worker-292: ビルド] INFO  o.a.m.s.f.DefaultMavenResourcesFiltering - Copying 41 resources from src/main/resources to target/classes
2024-12-15 11:03:13,456 [Worker-292: ビルド] INFO  o.a.m.s.f.DefaultMavenResourcesFiltering - skip non existing resourceDirectory /Applications/Eclipse_2023-12.app/Contents/kadai_002/kadai_002/samuraitravel/src/test/resources
2024-12-15 16:35:33,827 [Worker-297: ビルド] INFO  o.a.m.s.f.DefaultMavenResourcesFiltering - Copying 1 resource from src/main/resources to target/classes
2024-12-15 16:35:33,833 [Worker-297: ビルド] INFO  o.a.m.s.f.DefaultMavenResourcesFiltering - Copying 41 resources from src/main/resources to target/classes
2024-12-15 16:35:33,837 [Worker-297: ビルド] INFO  o.a.m.s.f.DefaultMavenResourcesFiltering - skip non existing resourceDirectory /Applications/Eclipse_2023-12.app/Contents/kadai_002/kadai_002/samuraitravel/src/test/resources
2024-12-17 23:35:20,920 [Worker-347: ビルド] INFO  o.a.m.s.f.DefaultMavenResourcesFiltering - Copying 1 resource from src/main/resources to target/classes
2024-12-17 23:35:20,937 [Worker-347: ビルド] INFO  o.a.m.s.f.DefaultMavenResourcesFiltering - Copying 0 resource from src/main/resources to target/classes
2024-12-17 23:35:20,942 [Worker-347: ビルド] INFO  o.a.m.s.f.DefaultMavenResourcesFiltering - skip non existing resourceDirectory /Applications/Eclipse_2023-12.app/Contents/kadai_002/kadai_002/samuraitravel/src/test/resources
